Release 14.5 - xst P.58f (nt64)
Copyright (c) 1995-2012 Xilinx, Inc.  All rights reserved.
--> Parameter TMPDIR set to xst/projnav.tmp


Total REAL time to Xst completion: 0.00 secs
Total CPU time to Xst completion: 0.24 secs
 
--> Parameter xsthdpdir set to xst


Total REAL time to Xst completion: 0.00 secs
Total CPU time to Xst completion: 0.24 secs
 
--> Reading design: top.prj

TABLE OF CONTENTS
  1) Synthesis Options Summary
  2) HDL Compilation
  3) Design Hierarchy Analysis
  4) HDL Analysis
  5) HDL Synthesis
     5.1) HDL Synthesis Report
  6) Advanced HDL Synthesis
     6.1) Advanced HDL Synthesis Report
  7) Low Level Synthesis
  8) Partition Report
  9) Final Report
	9.1) Device utilization summary
	9.2) Partition Resource Summary
	9.3) TIMING REPORT


=========================================================================
*                      Synthesis Options Summary                        *
=========================================================================
---- Source Parameters
Input File Name                    : "top.prj"
Input Format                       : mixed
Ignore Synthesis Constraint File   : NO

---- Target Parameters
Output File Name                   : "top"
Output Format                      : NGC
Target Device                      : xc3s100e-4-cp132

---- Source Options
Top Module Name                    : top
Automatic FSM Extraction           : YES
FSM Encoding Algorithm             : Auto
Safe Implementation                : No
FSM Style                          : LUT
RAM Extraction                     : Yes
RAM Style                          : Auto
ROM Extraction                     : Yes
Mux Style                          : Auto
Decoder Extraction                 : YES
Priority Encoder Extraction        : Yes
Shift Register Extraction          : YES
Logical Shifter Extraction         : YES
XOR Collapsing                     : YES
ROM Style                          : Auto
Mux Extraction                     : Yes
Resource Sharing                   : YES
Asynchronous To Synchronous        : NO
Multiplier Style                   : Auto
Automatic Register Balancing       : No

---- Target Options
Add IO Buffers                     : YES
Global Maximum Fanout              : 100000
Add Generic Clock Buffer(BUFG)     : 24
Register Duplication               : YES
Slice Packing                      : YES
Optimize Instantiated Primitives   : NO
Use Clock Enable                   : Yes
Use Synchronous Set                : Yes
Use Synchronous Reset              : Yes
Pack IO Registers into IOBs        : Auto
Equivalent register Removal        : YES

---- General Options
Optimization Goal                  : Speed
Optimization Effort                : 1
Keep Hierarchy                     : No
Netlist Hierarchy                  : As_Optimized
RTL Output                         : Yes
Global Optimization                : AllClockNets
Read Cores                         : YES
Write Timing Constraints           : NO
Cross Clock Analysis               : NO
Hierarchy Separator                : /
Bus Delimiter                      : <>
Case Specifier                     : Maintain
Slice Utilization Ratio            : 100
BRAM Utilization Ratio             : 100
Verilog 2001                       : YES
Auto BRAM Packing                  : NO
Slice Utilization Ratio Delta      : 5

=========================================================================


=========================================================================
*                          HDL Compilation                              *
=========================================================================
Compiling verilog file "top.v" in library work
Module <top> compiled
No errors in compilation
Analysis of file <"top.prj"> succeeded.
 

=========================================================================
*                     Design Hierarchy Analysis                         *
=========================================================================
Analyzing hierarchy for module <top> in library <work>.


=========================================================================
*                            HDL Analysis                               *
=========================================================================
Analyzing top module <top>.
Module <top> is correct for synthesis.
 

=========================================================================
*                           HDL Synthesis                               *
=========================================================================

Performing bidirectional port resolution...

Synthesizing Unit <top>.
    Related source file is "top.v".
    Found 4-bit adder for signal <$add0000> created at line 12.
    Found 4-bit adder for signal <$add0001> created at line 12.
    Found 4-bit adder for signal <$add0002> created at line 12.
    Found 4-bit adder for signal <$add0003> created at line 12.
    Found 4-bit adder for signal <$add0004> created at line 13.
    Found 4-bit adder for signal <$add0005> created at line 12.
    Found 4-bit adder for signal <$add0006> created at line 13.
    Found 4-bit adder for signal <$add0007> created at line 12.
    Found 4-bit adder for signal <$add0008> created at line 13.
    Found 4-bit adder for signal <$add0009> created at line 12.
    Found 4-bit adder for signal <$add0010> created at line 13.
    Found 4-bit adder for signal <$add0011> created at line 14.
    Found 4-bit adder for signal <$add0012> created at line 12.
    Found 4-bit adder for signal <$add0013> created at line 13.
    Found 4-bit adder for signal <$add0014> created at line 14.
    Found 4-bit adder for signal <$add0015> created at line 12.
    Found 4-bit adder for signal <$add0016> created at line 13.
    Found 4-bit adder for signal <$add0017> created at line 14.
    Found 4-bit adder for signal <$add0018> created at line 12.
    Found 4-bit adder for signal <$add0019> created at line 13.
    Found 4-bit adder for signal <$add0020> created at line 14.
    Found 4-bit adder for signal <$add0021> created at line 15.
    Found 4-bit adder for signal <$add0022> created at line 12.
    Found 4-bit adder for signal <$add0023> created at line 13.
    Found 4-bit adder for signal <$add0024> created at line 14.
    Found 4-bit adder for signal <$add0025> created at line 15.
    Found 4-bit comparator greatequal for signal <bcd$cmp_ge0000> created at line 12.
    Found 4-bit comparator greatequal for signal <bcd$cmp_ge0001> created at line 12.
    Found 4-bit comparator greatequal for signal <bcd$cmp_ge0002> created at line 12.
    Found 4-bit comparator greatequal for signal <bcd$cmp_ge0003> created at line 13.
    Found 4-bit comparator greatequal for signal <bcd$cmp_ge0004> created at line 12.
    Found 4-bit comparator greatequal for signal <bcd$cmp_ge0005> created at line 13.
    Found 4-bit comparator greatequal for signal <bcd$cmp_ge0006> created at line 12.
    Found 4-bit comparator greatequal for signal <bcd$cmp_ge0007> created at line 13.
    Found 4-bit comparator greatequal for signal <bcd$cmp_ge0008> created at line 12.
    Found 4-bit comparator greatequal for signal <bcd$cmp_ge0009> created at line 14.
    Found 4-bit comparator greatequal for signal <bcd$cmp_ge0010> created at line 13.
    Found 4-bit comparator greatequal for signal <bcd$cmp_ge0011> created at line 12.
    Found 4-bit comparator greatequal for signal <bcd$cmp_ge0012> created at line 14.
    Found 4-bit comparator greatequal for signal <bcd$cmp_ge0013> created at line 13.
    Found 4-bit comparator greatequal for signal <bcd$cmp_ge0014> created at line 12.
    Found 4-bit comparator greatequal for signal <bcd$cmp_ge0015> created at line 14.
    Found 4-bit comparator greatequal for signal <bcd$cmp_ge0016> created at line 13.
    Found 4-bit comparator greatequal for signal <bcd$cmp_ge0017> created at line 12.
    Found 4-bit comparator greatequal for signal <bcd$cmp_ge0018> created at line 15.
    Found 4-bit comparator greatequal for signal <bcd$cmp_ge0019> created at line 14.
    Found 4-bit comparator greatequal for signal <bcd$cmp_ge0020> created at line 13.
    Found 4-bit comparator greatequal for signal <bcd$cmp_ge0021> created at line 12.
    Found 4-bit comparator greatequal for signal <bcd$cmp_ge0022> created at line 15.
    Found 4-bit comparator greatequal for signal <bcd$cmp_ge0023> created at line 14.
    Found 4-bit comparator greatequal for signal <bcd$cmp_ge0024> created at line 13.
    Found 4-bit comparator greatequal for signal <bcd$cmp_ge0025> created at line 12.
    Summary:
	inferred  26 Adder/Subtractor(s).
	inferred  26 Comparator(s).
Unit <top> synthesized.


=========================================================================
HDL Synthesis Report

Macro Statistics
# Adders/Subtractors                                   : 26
 4-bit adder                                           : 26
# Comparators                                          : 26
 4-bit comparator greatequal                           : 26

=========================================================================

=========================================================================
*                       Advanced HDL Synthesis                          *
=========================================================================


=========================================================================
Advanced HDL Synthesis Report

Macro Statistics
# Adders/Subtractors                                   : 26
 3-bit adder                                           : 2
 4-bit adder                                           : 24
# Comparators                                          : 26
 4-bit comparator greatequal                           : 26

=========================================================================

=========================================================================
*                         Low Level Synthesis                           *
=========================================================================

Optimizing unit <top> ...

Mapping all equations...
Building and optimizing final netlist ...
Found area constraint ratio of 100 (+ 5) on block top, actual ratio is 9.

Final Macro Processing ...

=========================================================================
Final Register Report

Found no macro
=========================================================================

=========================================================================
*                           Partition Report                            *
=========================================================================

Partition Implementation Status
-------------------------------

  No Partitions were found in this design.

-------------------------------

=========================================================================
*                            Final Report                               *
=========================================================================
Final Results
RTL Top Level Output File Name     : top.ngr
Top Level Output File Name         : top
Output Format                      : NGC
Optimization Goal                  : Speed
Keep Hierarchy                     : No

Design Statistics
# IOs                              : 30

Cell Usage :
# BELS                             : 152
#      LUT2                        : 25
#      LUT3                        : 24
#      LUT4                        : 99
#      MUXF5                       : 4
# IO Buffers                       : 30
#      IBUF                        : 14
#      OBUF                        : 16
=========================================================================

Device utilization summary:
---------------------------

Selected Device : 3s100ecp132-4 

 Number of Slices:                       84  out of    960     8%  
 Number of 4 input LUTs:                148  out of   1920     7%  
 Number of IOs:                          30
 Number of bonded IOBs:                  30  out of     83    36%  

---------------------------
Partition Resource Summary:
---------------------------

  No Partitions were found in this design.

---------------------------


=========================================================================
TIMING REPORT

NOTE: THESE TIMING NUMBERS ARE ONLY A SYNTHESIS ESTIMATE.
      FOR ACCURATE TIMING INFORMATION PLEASE REFER TO THE TRACE REPORT
      GENERATED AFTER PLACE-and-ROUTE.

Clock Information:
------------------
No clock signals found in this design

Asynchronous Control Signals Information:
----------------------------------------
No asynchronous control signals found in this design

Timing Summary:
---------------
Speed Grade: -4

   Minimum period: No path found
   Minimum input arrival time before clock: No path found
   Maximum output required time after clock: No path found
   Maximum combinational path delay: 38.601ns

Timing Detail:
--------------
All values displayed in nanoseconds (ns)

=========================================================================
Timing constraint: Default path analysis
  Total number of paths / destination ports: 10719171 / 16
-------------------------------------------------------------------------
Delay:               38.601ns (Levels of Logic = 28)
  Source:            bin<12> (PAD)
  Destination:       bcd<6> (PAD)

  Data Path: bin<12> to bcd<6>
                                Gate     Net
    Cell:in->out      fanout   Delay   Delay  Logical Name (Net Name)
    ----------------------------------------  ------------
     IBUF:I->O             7   1.218   0.883  bin_12_IBUF (bin_12_IBUF)
     LUT4:I0->O            8   0.704   0.792  bcd_mux00041 (bcd_mux0004)
     LUT4:I2->O            9   0.704   0.899  bcd_mux000811 (N27)
     LUT3:I1->O            2   0.704   0.622  bcd_mux001021 (N61)
     LUT4:I0->O            7   0.704   0.787  bcd_mux001611 (N28)
     LUT2:I1->O            5   0.704   0.637  bcd_mux00162 (Madd__add0006_cy<0>)
     LUT4:I3->O            1   0.704   0.000  bcd_mux0020_G (N136)
     MUXF5:I1->O           9   0.321   0.899  bcd_mux0020 (bcd_mux0020)
     LUT4:I1->O            2   0.704   0.451  bcd_mux00221 (Madd__add0008_lut<2>)
     LUT4:I3->O            6   0.704   0.844  bcd_mux002811 (N30)
     LUT2:I0->O            3   0.704   0.566  bcd_cmp_ge00071 (bcd_cmp_ge0007)
     LUT4:I2->O            2   0.704   0.451  Madd__add0010_cy<1>11 (Madd__add0010_cy<1>)
     LUT4:I3->O            6   0.704   0.844  bcd_mux004011 (N32)
     LUT2:I0->O            2   0.704   0.482  bcd_cmp_ge00101 (bcd_cmp_ge0010)
     LUT4:I2->O            2   0.704   0.451  Madd__add0013_cy<1>11 (Madd__add0013_cy<1>)
     LUT4:I3->O            6   0.704   0.844  bcd_mux005211 (N34)
     LUT2:I0->O            2   0.704   0.482  bcd_cmp_ge00131 (bcd_cmp_ge0013)
     LUT4:I2->O            2   0.704   0.451  Madd__add0016_cy<1>11 (Madd__add0016_cy<1>)
     LUT4:I3->O            7   0.704   0.883  bcd_mux006411 (N37)
     LUT2:I0->O            2   0.704   0.482  bcd_cmp_ge00161 (bcd_cmp_ge0016)
     LUT4:I2->O            2   0.704   0.451  Madd__add0019_cy<1>11 (Madd__add0019_cy<1>)
     LUT4:I3->O            6   0.704   0.704  bcd_mux007911 (N40)
     LUT3:I2->O            1   0.704   0.455  Madd__add0023_cy<1>1_SW0 (N129)
     LUT4:I2->O            2   0.704   0.451  Madd__add0023_cy<1>1 (Madd__add0023_cy<1>)
     LUT4:I3->O            3   0.704   0.535  bcd_mux009411 (N43)
     LUT4:I3->O            1   0.704   0.424  bcd_mux009621 (N231)
     LUT4:I3->O            1   0.704   0.420  bcd_mux00961 (bcd_6_OBUF)
     OBUF:I->O                 3.272          bcd_6_OBUF (bcd<6>)
    ----------------------------------------
    Total                     38.601ns (22.411ns logic, 16.190ns route)
                                       (58.1% logic, 41.9% route)

=========================================================================


Total REAL time to Xst completion: 10.00 secs
Total CPU time to Xst completion: 9.78 secs
 
--> 

Total memory usage is 4472036 kilobytes

Number of errors   :    0 (   0 filtered)
Number of warnings :    0 (   0 filtered)
Number of infos    :    0 (   0 filtered)

